2016-10-19 04:28:31.249+0000 INFO  [o.n.k.i.f.CommunityFacadeFactory] No locking implementation specified, defaulting to 'community'
2016-10-19 04:28:31.298+0000 INFO  [o.n.k.AvailabilityGuard] Requirement makes database unavailable: Database available
2016-10-19 04:28:31.345+0000 INFO  [o.n.k.i.DiagnosticsManager] --- INITIALIZED diagnostics START ---
2016-10-19 04:28:31.345+0000 INFO  [o.n.k.i.DiagnosticsManager] Neo4j Kernel properties:
2016-10-19 04:28:31.345+0000 INFO  [o.n.k.i.DiagnosticsManager] dbms.connector.http.enabled=true
2016-10-19 04:28:31.345+0000 INFO  [o.n.k.i.DiagnosticsManager] dbms.security.auth_enabled=false
2016-10-19 04:28:31.345+0000 INFO  [o.n.k.i.DiagnosticsManager] dbms.connector.bolt.type=BOLT
2016-10-19 04:28:31.345+0000 INFO  [o.n.k.i.DiagnosticsManager] unsupported.dbms.directories.neo4j_home=/home/edwin/MEGA/Thesis_Projects/thesis_neo4j_api/db/neo4j/development
2016-10-19 04:28:31.345+0000 INFO  [o.n.k.i.DiagnosticsManager] dbms.directories.import=import
2016-10-19 04:28:31.345+0000 INFO  [o.n.k.i.DiagnosticsManager] dbms.connector.bolt.tls_level=OPTIONAL
2016-10-19 04:28:31.345+0000 INFO  [o.n.k.i.DiagnosticsManager] dbms.shell.enabled=true
2016-10-19 04:28:31.345+0000 INFO  [o.n.k.i.DiagnosticsManager] dbms.connector.https.address=localhost:7473
2016-10-19 04:28:31.345+0000 INFO  [o.n.k.i.DiagnosticsManager] dbms.connector.https.enabled=false
2016-10-19 04:28:31.346+0000 INFO  [o.n.k.i.DiagnosticsManager] dbms.connector.http.type=HTTP
2016-10-19 04:28:31.346+0000 INFO  [o.n.k.i.DiagnosticsManager] dbms.connector.https.encryption=TLS
2016-10-19 04:28:31.346+0000 INFO  [o.n.k.i.DiagnosticsManager] dbms.connector.https.type=HTTP
2016-10-19 04:28:31.346+0000 INFO  [o.n.k.i.DiagnosticsManager] unsupported.dbms.security.auth_store.location=data/dbms/auth
2016-10-19 04:28:31.346+0000 INFO  [o.n.k.i.DiagnosticsManager] unsupported.dbms.edition=community
2016-10-19 04:28:31.346+0000 INFO  [o.n.k.i.DiagnosticsManager] dbms.connector.bolt.address=localhost:7472
2016-10-19 04:28:31.346+0000 INFO  [o.n.k.i.DiagnosticsManager] dbms.connector.http.address=localhost:7474
2016-10-19 04:28:31.346+0000 INFO  [o.n.k.i.DiagnosticsManager] dbms.connector.bolt.enabled=true
2016-10-19 04:28:31.346+0000 INFO  [o.n.k.i.DiagnosticsManager] Diagnostics providers:
2016-10-19 04:28:31.346+0000 INFO  [o.n.k.i.DiagnosticsManager] org.neo4j.kernel.configuration.Config
2016-10-19 04:28:31.346+0000 INFO  [o.n.k.i.DiagnosticsManager] org.neo4j.kernel.info.DiagnosticsManager
2016-10-19 04:28:31.346+0000 INFO  [o.n.k.i.DiagnosticsManager] SYSTEM_MEMORY
2016-10-19 04:28:31.346+0000 INFO  [o.n.k.i.DiagnosticsManager] JAVA_MEMORY
2016-10-19 04:28:31.346+0000 INFO  [o.n.k.i.DiagnosticsManager] OPERATING_SYSTEM
2016-10-19 04:28:31.346+0000 INFO  [o.n.k.i.DiagnosticsManager] JAVA_VIRTUAL_MACHINE
2016-10-19 04:28:31.347+0000 INFO  [o.n.k.i.DiagnosticsManager] CLASSPATH
2016-10-19 04:28:31.347+0000 INFO  [o.n.k.i.DiagnosticsManager] LIBRARY_PATH
2016-10-19 04:28:31.347+0000 INFO  [o.n.k.i.DiagnosticsManager] SYSTEM_PROPERTIES
2016-10-19 04:28:31.347+0000 INFO  [o.n.k.i.DiagnosticsManager] LINUX_SCHEDULERS
2016-10-19 04:28:31.347+0000 INFO  [o.n.k.i.DiagnosticsManager] NETWORK
2016-10-19 04:28:31.347+0000 INFO  [o.n.k.i.DiagnosticsManager] System memory information:
2016-10-19 04:28:31.348+0000 INFO  [o.n.k.i.DiagnosticsManager] Total Physical memory: 7.71 GB
2016-10-19 04:28:31.348+0000 INFO  [o.n.k.i.DiagnosticsManager] Free Physical memory: 218.25 MB
2016-10-19 04:28:31.349+0000 INFO  [o.n.k.i.DiagnosticsManager] Committed virtual memory: 5.40 GB
2016-10-19 04:28:31.349+0000 INFO  [o.n.k.i.DiagnosticsManager] Total swap space: 350.00 MB
2016-10-19 04:28:31.349+0000 INFO  [o.n.k.i.DiagnosticsManager] Free swap space: 349.81 MB
2016-10-19 04:28:31.349+0000 INFO  [o.n.k.i.DiagnosticsManager] JVM memory information:
2016-10-19 04:28:31.349+0000 INFO  [o.n.k.i.DiagnosticsManager] Free  memory: 93.23 MB
2016-10-19 04:28:31.349+0000 INFO  [o.n.k.i.DiagnosticsManager] Total memory: 124.00 MB
2016-10-19 04:28:31.349+0000 INFO  [o.n.k.i.DiagnosticsManager] Max   memory: 1.93 GB
2016-10-19 04:28:31.350+0000 INFO  [o.n.k.i.DiagnosticsManager] Garbage Collector: G1 Young Generation: [G1 Eden Space, G1 Survivor Space]
2016-10-19 04:28:31.350+0000 INFO  [o.n.k.i.DiagnosticsManager] Garbage Collector: G1 Old Generation: [G1 Eden Space, G1 Survivor Space, G1 Old Gen]
2016-10-19 04:28:31.351+0000 INFO  [o.n.k.i.DiagnosticsManager] Memory Pool: Code Cache (Non-heap memory): committed=3.56 MB, used=3.50 MB, max=240.00 MB, threshold=0.00 B
2016-10-19 04:28:31.351+0000 INFO  [o.n.k.i.DiagnosticsManager] Memory Pool: Metaspace (Non-heap memory): committed=10.75 MB, used=10.06 MB, max=-1.00 B, threshold=0.00 B
2016-10-19 04:28:31.351+0000 INFO  [o.n.k.i.DiagnosticsManager] Memory Pool: Compressed Class Space (Non-heap memory): committed=1.50 MB, used=1.30 MB, max=1.00 GB, threshold=0.00 B
2016-10-19 04:28:31.351+0000 INFO  [o.n.k.i.DiagnosticsManager] Memory Pool: G1 Eden Space (Heap memory): committed=40.00 MB, used=2.00 MB, max=-1.00 B, threshold=?
2016-10-19 04:28:31.352+0000 INFO  [o.n.k.i.DiagnosticsManager] Memory Pool: G1 Survivor Space (Heap memory): committed=5.00 MB, used=5.00 MB, max=-1.00 B, threshold=?
2016-10-19 04:28:31.352+0000 INFO  [o.n.k.i.DiagnosticsManager] Memory Pool: G1 Old Gen (Heap memory): committed=79.00 MB, used=23.26 MB, max=1.93 GB, threshold=0.00 B
2016-10-19 04:28:31.352+0000 INFO  [o.n.k.i.DiagnosticsManager] Operating system information:
2016-10-19 04:28:31.352+0000 INFO  [o.n.k.i.DiagnosticsManager] Operating System: Linux; version: 4.4.0-43-generic; arch: amd64; cpus: 8
2016-10-19 04:28:31.352+0000 INFO  [o.n.k.i.DiagnosticsManager] Max number of file descriptors: 65536
2016-10-19 04:28:31.352+0000 INFO  [o.n.k.i.DiagnosticsManager] Number of open file descriptors: 86
2016-10-19 04:28:31.354+0000 INFO  [o.n.k.i.DiagnosticsManager] Process id: 11197@edwin-Lenovo-Y50-70
2016-10-19 04:28:31.355+0000 INFO  [o.n.k.i.DiagnosticsManager] Byte order: LITTLE_ENDIAN
2016-10-19 04:28:31.355+0000 INFO  [o.n.k.i.DiagnosticsManager] Local timezone: America/Denver
2016-10-19 04:28:31.355+0000 INFO  [o.n.k.i.DiagnosticsManager] JVM information:
2016-10-19 04:28:31.355+0000 INFO  [o.n.k.i.DiagnosticsManager] VM Name: Java HotSpot(TM) 64-Bit Server VM
2016-10-19 04:28:31.355+0000 INFO  [o.n.k.i.DiagnosticsManager] VM Vendor: Oracle Corporation
2016-10-19 04:28:31.355+0000 INFO  [o.n.k.i.DiagnosticsManager] VM Version: 25.101-b13
2016-10-19 04:28:31.355+0000 INFO  [o.n.k.i.DiagnosticsManager] JIT compiler: HotSpot 64-Bit Tiered Compilers
2016-10-19 04:28:31.356+0000 INFO  [o.n.k.i.DiagnosticsManager] VM Arguments: [-XX:+UseG1GC, -XX:-OmitStackTraceInFastThrow, -XX:hashCode=5, -XX:+AlwaysPreTouch, -XX:+UnlockExperimentalVMOptions, -XX:+TrustFinalNonStaticFields, -XX:+DisableExplicitGC, -Djdk.tls.ephemeralDHKeySize=2048, -Dunsupported.dbms.udc.source=tarball, -Dfile.encoding=UTF-8]
2016-10-19 04:28:31.356+0000 INFO  [o.n.k.i.DiagnosticsManager] Java classpath:
2016-10-19 04:28:31.357+0000 INFO  [o.n.k.i.DiagnosticsManager]  [classpath + loader.0] file:/home/edwin/MEGA/Thesis_Projects/thesis_neo4j_api/db/neo4j/development/lib/neo4j-server-3.0.6.jar
2016-10-19 04:28:31.357+0000 INFO  [o.n.k.i.DiagnosticsManager]  [classpath + loader.0] file:/home/edwin/MEGA/Thesis_Projects/thesis_neo4j_api/db/neo4j/development/lib/commons-logging-1.1.1.jar
2016-10-19 04:28:31.357+0000 INFO  [o.n.k.i.DiagnosticsManager]  [classpath + loader.0] file:/home/edwin/MEGA/Thesis_Projects/thesis_neo4j_api/db/neo4j/development/plugins/
2016-10-19 04:28:31.357+0000 INFO  [o.n.k.i.DiagnosticsManager]  [loader.1] file:/usr/lib/jvm/java-8-oracle/jre/lib/ext/zipfs.jar
2016-10-19 04:28:31.357+0000 INFO  [o.n.k.i.DiagnosticsManager]  [loader.1] file:/usr/lib/jvm/java-8-oracle/jre/lib/ext/jfxrt.jar
2016-10-19 04:28:31.357+0000 INFO  [o.n.k.i.DiagnosticsManager]  [bootstrap] /usr/lib/jvm/java-8-oracle/jre/lib/jce.jar
2016-10-19 04:28:31.357+0000 INFO  [o.n.k.i.DiagnosticsManager]  [classpath + loader.0] file:/home/edwin/MEGA/Thesis_Projects/thesis_neo4j_api/db/neo4j/development/lib/commons-configuration-1.10.jar
2016-10-19 04:28:31.357+0000 INFO  [o.n.k.i.DiagnosticsManager]  [classpath + loader.0] file:/home/edwin/MEGA/Thesis_Projects/thesis_neo4j_api/db/neo4j/development/lib/javax.servlet-api-3.1.0.jar
2016-10-19 04:28:31.357+0000 INFO  [o.n.k.i.DiagnosticsManager]  [classpath + loader.0] file:/home/edwin/MEGA/Thesis_Projects/thesis_neo4j_api/db/neo4j/development/lib/jersey-server-1.19.jar
2016-10-19 04:28:31.357+0000 INFO  [o.n.k.i.DiagnosticsManager]  [classpath + loader.0] file:/home/edwin/MEGA/Thesis_Projects/thesis_neo4j_api/db/neo4j/development/lib/jline-2.12.jar
2016-10-19 04:28:31.357+0000 INFO  [o.n.k.i.DiagnosticsManager]  [classpath + loader.0] file:/home/edwin/MEGA/Thesis_Projects/thesis_neo4j_api/db/neo4j/development/lib/commons-io-2.4.jar
2016-10-19 04:28:31.357+0000 INFO  [o.n.k.i.DiagnosticsManager]  [classpath + loader.0] file:/home/edwin/MEGA/Thesis_Projects/thesis_neo4j_api/db/neo4j/development/lib/jersey-servlet-1.19.jar
2016-10-19 04:28:31.357+0000 INFO  [o.n.k.i.DiagnosticsManager]  [classpath + loader.0] file:/home/edwin/MEGA/Thesis_Projects/thesis_neo4j_api/db/neo4j/development/lib/concurrentlinkedhashmap-lru-1.4.2.jar
2016-10-19 04:28:31.357+0000 INFO  [o.n.k.i.DiagnosticsManager]  [classpath + loader.0] file:/home/edwin/MEGA/Thesis_Projects/thesis_neo4j_api/db/neo4j/development/plugins/*
2016-10-19 04:28:31.357+0000 INFO  [o.n.k.i.DiagnosticsManager]  [classpath + loader.0] file:/home/edwin/MEGA/Thesis_Projects/thesis_neo4j_api/db/neo4j/development/lib/scala-library-2.11.8.jar
2016-10-19 04:28:31.357+0000 INFO  [o.n.k.i.DiagnosticsManager]  [classpath + loader.0] file:/home/edwin/MEGA/Thesis_Projects/thesis_neo4j_api/db/neo4j/development/lib/parboiled-core-1.1.7.jar
2016-10-19 04:28:31.357+0000 INFO  [o.n.k.i.DiagnosticsManager]  [loader.1] file:/usr/lib/jvm/java-8-oracle/jre/lib/ext/jaccess.jar
2016-10-19 04:28:31.357+0000 INFO  [o.n.k.i.DiagnosticsManager]  [classpath + loader.0] file:/home/edwin/MEGA/Thesis_Projects/thesis_neo4j_api/db/neo4j/development/lib/jetty-server-9.2.9.v20150224.jar
2016-10-19 04:28:31.358+0000 INFO  [o.n.k.i.DiagnosticsManager]  [bootstrap] /usr/lib/jvm/java-8-oracle/jre/lib/jfr.jar
2016-10-19 04:28:31.358+0000 INFO  [o.n.k.i.DiagnosticsManager]  [classpath + loader.0] file:/home/edwin/MEGA/Thesis_Projects/thesis_neo4j_api/db/neo4j/development/lib/jackson-core-asl-1.9.13.jar
2016-10-19 04:28:31.358+0000 INFO  [o.n.k.i.DiagnosticsManager]  [classpath + loader.0] file:/home/edwin/MEGA/Thesis_Projects/thesis_neo4j_api/db/neo4j/development/lib/rhino-1.7R4.jar
2016-10-19 04:28:31.358+0000 INFO  [o.n.k.i.DiagnosticsManager]  [classpath + loader.0] file:/home/edwin/MEGA/Thesis_Projects/thesis_neo4j_api/db/neo4j/development/lib/commons-beanutils-1.8.3.jar
2016-10-19 04:28:31.358+0000 INFO  [o.n.k.i.DiagnosticsManager]  [classpath + loader.0] file:/home/edwin/MEGA/Thesis_Projects/thesis_neo4j_api/db/neo4j/development/lib/lucene-analyzers-common-5.5.0.jar
2016-10-19 04:28:31.358+0000 INFO  [o.n.k.i.DiagnosticsManager]  [loader.1] file:/usr/lib/jvm/java-8-oracle/jre/lib/ext/sunpkcs11.jar
2016-10-19 04:28:31.358+0000 INFO  [o.n.k.i.DiagnosticsManager]  [classpath + loader.0] file:/home/edwin/MEGA/Thesis_Projects/thesis_neo4j_api/db/neo4j/development/lib/lucene-core-5.5.0.jar
2016-10-19 04:28:31.358+0000 INFO  [o.n.k.i.DiagnosticsManager]  [classpath + loader.0] file:/home/edwin/MEGA/Thesis_Projects/thesis_neo4j_api/db/neo4j/development/lib/neo4j-codegen-3.0.6.jar
2016-10-19 04:28:31.358+0000 INFO  [o.n.k.i.DiagnosticsManager]  [classpath + loader.0] file:/home/edwin/MEGA/Thesis_Projects/thesis_neo4j_api/db/neo4j/development/lib/neo4j-resource-3.0.6.jar
2016-10-19 04:28:31.358+0000 INFO  [o.n.k.i.DiagnosticsManager]  [bootstrap] /usr/lib/jvm/java-8-oracle/jre/lib/rt.jar
2016-10-19 04:28:31.358+0000 INFO  [o.n.k.i.DiagnosticsManager]  [classpath + loader.0] file:/home/edwin/MEGA/Thesis_Projects/thesis_neo4j_api/db/neo4j/development/lib/neo4j-io-3.0.6.jar
2016-10-19 04:28:31.358+0000 INFO  [o.n.k.i.DiagnosticsManager]  [bootstrap] /usr/lib/jvm/java-8-oracle/jre/lib/jsse.jar
2016-10-19 04:28:31.358+0000 INFO  [o.n.k.i.DiagnosticsManager]  [classpath + loader.0] file:/home/edwin/MEGA/Thesis_Projects/thesis_neo4j_api/db/neo4j/development/lib/neo4j-cypher-compiler-2.3-2.3.7.jar
2016-10-19 04:28:31.358+0000 INFO  [o.n.k.i.DiagnosticsManager]  [classpath + loader.0] file:/home/edwin/MEGA/Thesis_Projects/thesis_neo4j_api/db/neo4j/development/lib/bcprov-jdk15on-1.53.jar
2016-10-19 04:28:31.358+0000 INFO  [o.n.k.i.DiagnosticsManager]  [classpath + loader.0] file:/home/edwin/MEGA/Thesis_Projects/thesis_neo4j_api/db/neo4j/development/lib/scala-reflect-2.11.8.jar
2016-10-19 04:28:31.358+0000 INFO  [o.n.k.i.DiagnosticsManager]  [loader.1] file:/usr/lib/jvm/java-8-oracle/jre/lib/ext/cldrdata.jar
2016-10-19 04:28:31.358+0000 INFO  [o.n.k.i.DiagnosticsManager]  [classpath + loader.0] file:/home/edwin/MEGA/Thesis_Projects/thesis_neo4j_api/db/neo4j/development/lib/jetty-util-9.2.9.v20150224.jar
2016-10-19 04:28:31.358+0000 INFO  [o.n.k.i.DiagnosticsManager]  [classpath + loader.0] file:/home/edwin/MEGA/Thesis_Projects/thesis_neo4j_api/db/neo4j/development/lib/neo4j-cypher-3.0.6.jar
2016-10-19 04:28:31.358+0000 INFO  [o.n.k.i.DiagnosticsManager]  [classpath + loader.0] file:/home/edwin/MEGA/Thesis_Projects/thesis_neo4j_api/db/neo4j/development/lib/neo4j-dbms-3.0.6.jar
2016-10-19 04:28:31.358+0000 INFO  [o.n.k.i.DiagnosticsManager]  [classpath + loader.0] file:/home/edwin/MEGA/Thesis_Projects/thesis_neo4j_api/db/neo4j/development/lib/commons-digester-2.1.jar
2016-10-19 04:28:31.358+0000 INFO  [o.n.k.i.DiagnosticsManager]  [classpath + loader.0] file:/home/edwin/MEGA/Thesis_Projects/thesis_neo4j_api/db/neo4j/development/lib/server-api-3.0.6.jar
2016-10-19 04:28:31.358+0000 INFO  [o.n.k.i.DiagnosticsManager]  [classpath + loader.0] file:/home/edwin/MEGA/Thesis_Projects/thesis_neo4j_api/db/neo4j/development/lib/jersey-multipart-1.19.jar
2016-10-19 04:28:31.358+0000 INFO  [o.n.k.i.DiagnosticsManager]  [classpath + loader.0] file:/home/edwin/MEGA/Thesis_Projects/thesis_neo4j_api/db/neo4j/development/lib/jackson-mapper-asl-1.9.13.jar
2016-10-19 04:28:31.358+0000 INFO  [o.n.k.i.DiagnosticsManager]  [loader.1] file:/usr/lib/jvm/java-8-oracle/jre/lib/ext/sunec.jar
2016-10-19 04:28:31.358+0000 INFO  [o.n.k.i.DiagnosticsManager]  [classpath + loader.0] file:/home/edwin/MEGA/Thesis_Projects/thesis_neo4j_api/db/neo4j/development/lib/neo4j-kernel-3.0.6.jar
2016-10-19 04:28:31.358+0000 INFO  [o.n.k.i.DiagnosticsManager]  [bootstrap] /usr/lib/jvm/java-8-oracle/jre/lib/charsets.jar
2016-10-19 04:28:31.358+0000 INFO  [o.n.k.i.DiagnosticsManager]  [classpath + loader.0] file:/home/edwin/MEGA/Thesis_Projects/thesis_neo4j_api/db/neo4j/development/lib/neo4j-primitive-collections-3.0.6.jar
2016-10-19 04:28:31.358+0000 INFO  [o.n.k.i.DiagnosticsManager]  [classpath + loader.0] file:/home/edwin/MEGA/Thesis_Projects/thesis_neo4j_api/db/neo4j/development/conf/
2016-10-19 04:28:31.358+0000 INFO  [o.n.k.i.DiagnosticsManager]  [classpath + loader.0] file:/home/edwin/MEGA/Thesis_Projects/thesis_neo4j_api/db/neo4j/development/lib/jackson-jaxrs-1.9.13.jar
2016-10-19 04:28:31.358+0000 INFO  [o.n.k.i.DiagnosticsManager]  [classpath + loader.0] file:/home/edwin/MEGA/Thesis_Projects/thesis_neo4j_api/db/neo4j/development/lib/neo4j-logging-3.0.6.jar
2016-10-19 04:28:31.358+0000 INFO  [o.n.k.i.DiagnosticsManager]  [classpath + loader.0] file:/home/edwin/MEGA/Thesis_Projects/thesis_neo4j_api/db/neo4j/development/lib/jetty-security-9.2.9.v20150224.jar
2016-10-19 04:28:31.358+0000 INFO  [o.n.k.i.DiagnosticsManager]  [classpath + loader.0] file:/home/edwin/MEGA/Thesis_Projects/thesis_neo4j_api/db/neo4j/development/lib/neo4j-csv-3.0.6.jar
2016-10-19 04:28:31.358+0000 INFO  [o.n.k.i.DiagnosticsManager]  [classpath + loader.0] file:/home/edwin/MEGA/Thesis_Projects/thesis_neo4j_api/db/neo4j/development/lib/neo4j-graphdb-api-3.0.6.jar
2016-10-19 04:28:31.358+0000 INFO  [o.n.k.i.DiagnosticsManager]  [classpath + loader.0] file:/home/edwin/MEGA/Thesis_Projects/thesis_neo4j_api/db/neo4j/development/lib/parboiled-scala_2.11-1.1.7.jar
2016-10-19 04:28:31.358+0000 INFO  [o.n.k.i.DiagnosticsManager]  [classpath + loader.0] file:/home/edwin/MEGA/Thesis_Projects/thesis_neo4j_api/db/neo4j/development/lib/jetty-xml-9.2.9.v20150224.jar
2016-10-19 04:28:31.358+0000 INFO  [o.n.k.i.DiagnosticsManager]  [classpath + loader.0] file:/home/edwin/MEGA/Thesis_Projects/thesis_neo4j_api/db/neo4j/development/lib/neo4j-common-3.0.6.jar
2016-10-19 04:28:31.359+0000 INFO  [o.n.k.i.DiagnosticsManager]  [classpath + loader.0] file:/home/edwin/MEGA/Thesis_Projects/thesis_neo4j_api/db/neo4j/development/lib/jetty-servlet-9.2.9.v20150224.jar
2016-10-19 04:28:31.359+0000 INFO  [o.n.k.i.DiagnosticsManager]  [classpath + loader.0] file:/home/edwin/MEGA/Thesis_Projects/thesis_neo4j_api/db/neo4j/development/lib/neo4j-cypher-frontend-3.0-3.0.6.jar
2016-10-19 04:28:31.359+0000 INFO  [o.n.k.i.DiagnosticsManager]  [loader.1] file:/usr/lib/jvm/java-8-oracle/jre/lib/ext/sunjce_provider.jar
2016-10-19 04:28:31.359+0000 INFO  [o.n.k.i.DiagnosticsManager]  [classpath + loader.0] file:/home/edwin/MEGA/Thesis_Projects/thesis_neo4j_api/db/neo4j/development/lib/mimepull-1.9.3.jar
2016-10-19 04:28:31.359+0000 INFO  [o.n.k.i.DiagnosticsManager]  [classpath + loader.0] file:/home/edwin/MEGA/Thesis_Projects/thesis_neo4j_api/db/neo4j/development/lib/jetty-http-9.2.9.v20150224.jar
2016-10-19 04:28:31.359+0000 INFO  [o.n.k.i.DiagnosticsManager]  [classpath + loader.0] file:/home/edwin/MEGA/Thesis_Projects/thesis_neo4j_api/db/neo4j/development/lib/neo4j-consistency-check-3.0.6.jar
2016-10-19 04:28:31.359+0000 INFO  [o.n.k.i.DiagnosticsManager]  [bootstrap] /usr/lib/jvm/java-8-oracle/jre/classes
2016-10-19 04:28:31.359+0000 INFO  [o.n.k.i.DiagnosticsManager]  [classpath + loader.0] file:/home/edwin/MEGA/Thesis_Projects/thesis_neo4j_api/db/neo4j/development/lib/neo4j-lucene-index-3.0.6.jar
2016-10-19 04:28:31.359+0000 INFO  [o.n.k.i.DiagnosticsManager]  [classpath + loader.0] file:/home/edwin/MEGA/Thesis_Projects/thesis_neo4j_api/db/neo4j/development/lib/commons-lang3-3.3.2.jar
2016-10-19 04:28:31.359+0000 INFO  [o.n.k.i.DiagnosticsManager]  [classpath + loader.0] file:/home/edwin/MEGA/Thesis_Projects/thesis_neo4j_api/db/neo4j/development/lib/lucene-queryparser-5.5.0.jar
2016-10-19 04:28:31.359+0000 INFO  [o.n.k.i.DiagnosticsManager]  [classpath + loader.0] file:/home/edwin/MEGA/Thesis_Projects/thesis_neo4j_api/db/neo4j/development/lib/bcpkix-jdk15on-1.53.jar
2016-10-19 04:28:31.359+0000 INFO  [o.n.k.i.DiagnosticsManager]  [classpath + loader.0] file:/home/edwin/MEGA/Thesis_Projects/thesis_neo4j_api/db/neo4j/development/lib/neo4j-command-line-3.0.6.jar
2016-10-19 04:28:31.359+0000 INFO  [o.n.k.i.DiagnosticsManager]  [classpath + loader.0] file:/home/edwin/MEGA/Thesis_Projects/thesis_neo4j_api/db/neo4j/development/lib/jersey-core-1.19.jar
2016-10-19 04:28:31.359+0000 INFO  [o.n.k.i.DiagnosticsManager]  [classpath + loader.0] file:/home/edwin/MEGA/Thesis_Projects/thesis_neo4j_api/db/neo4j/development/lib/neo4j-shell-3.0.6.jar
2016-10-19 04:28:31.359+0000 INFO  [o.n.k.i.DiagnosticsManager]  [classpath + loader.0] file:/home/edwin/MEGA/Thesis_Projects/thesis_neo4j_api/db/neo4j/development/lib/neo4j-lucene-upgrade-3.0.6.jar
2016-10-19 04:28:31.359+0000 INFO  [o.n.k.i.DiagnosticsManager]  [loader.1] file:/usr/lib/jvm/java-8-oracle/jre/lib/ext/nashorn.jar
2016-10-19 04:28:31.359+0000 INFO  [o.n.k.i.DiagnosticsManager]  [loader.1] file:/usr/lib/jvm/java-8-oracle/jre/lib/ext/dnsns.jar
2016-10-19 04:28:31.359+0000 INFO  [o.n.k.i.DiagnosticsManager]  [classpath + loader.0] file:/home/edwin/MEGA/Thesis_Projects/thesis_neo4j_api/db/neo4j/development/lib/neo4j-cypher-frontend-2.3-2.3.7.jar
2016-10-19 04:28:31.359+0000 INFO  [o.n.k.i.DiagnosticsManager]  [classpath + loader.0] file:/home/edwin/MEGA/Thesis_Projects/thesis_neo4j_api/db/neo4j/development/lib/neo4j-collections-3.0.6.jar
2016-10-19 04:28:31.359+0000 INFO  [o.n.k.i.DiagnosticsManager]  [classpath + loader.0] file:/home/edwin/MEGA/Thesis_Projects/thesis_neo4j_api/db/neo4j/development/lib/neo4j-bolt-3.0.6.jar
2016-10-19 04:28:31.359+0000 INFO  [o.n.k.i.DiagnosticsManager]  [bootstrap] /usr/lib/jvm/java-8-oracle/jre/lib/sunrsasign.jar
2016-10-19 04:28:31.359+0000 INFO  [o.n.k.i.DiagnosticsManager]  [classpath + loader.0] file:/home/edwin/MEGA/Thesis_Projects/thesis_neo4j_api/db/neo4j/development/lib/neo4j-cypher-compiler-3.0-3.0.6.jar
2016-10-19 04:28:31.359+0000 INFO  [o.n.k.i.DiagnosticsManager]  [classpath + loader.0] file:/home/edwin/MEGA/Thesis_Projects/thesis_neo4j_api/db/neo4j/development/lib/neo4j-security-3.0.6.jar
2016-10-19 04:28:31.359+0000 INFO  [o.n.k.i.DiagnosticsManager]  [classpath + loader.0] file:/home/edwin/MEGA/Thesis_Projects/thesis_neo4j_api/db/neo4j/development/lib/lucene-codecs-5.5.0.jar
2016-10-19 04:28:31.359+0000 INFO  [o.n.k.i.DiagnosticsManager]  [bootstrap] /usr/lib/jvm/java-8-oracle/jre/lib/resources.jar
2016-10-19 04:28:31.359+0000 INFO  [o.n.k.i.DiagnosticsManager]  [classpath + loader.0] file:/home/edwin/MEGA/Thesis_Projects/thesis_neo4j_api/db/neo4j/development/lib/neo4j-browser-1.1.8.jar
2016-10-19 04:28:31.359+0000 INFO  [o.n.k.i.DiagnosticsManager]  [classpath + loader.0] file:/home/edwin/MEGA/Thesis_Projects/thesis_neo4j_api/db/neo4j/development/lib/commons-lang-2.6.jar
2016-10-19 04:28:31.359+0000 INFO  [o.n.k.i.DiagnosticsManager]  [classpath + loader.0] file:/home/edwin/MEGA/Thesis_Projects/thesis_neo4j_api/db/neo4j/development/lib/neo4j-graph-algo-3.0.6.jar
2016-10-19 04:28:31.359+0000 INFO  [o.n.k.i.DiagnosticsManager]  [loader.1] file:/usr/lib/jvm/java-8-oracle/jre/lib/ext/localedata.jar
2016-10-19 04:28:31.359+0000 INFO  [o.n.k.i.DiagnosticsManager]  [classpath + loader.0] file:/home/edwin/MEGA/Thesis_Projects/thesis_neo4j_api/db/neo4j/development/lib/neo4j-unsafe-3.0.6.jar
2016-10-19 04:28:31.359+0000 INFO  [o.n.k.i.DiagnosticsManager]  [classpath + loader.0] file:/home/edwin/MEGA/Thesis_Projects/thesis_neo4j_api/db/neo4j/development/lib/jetty-webapp-9.2.9.v20150224.jar
2016-10-19 04:28:31.359+0000 INFO  [o.n.k.i.DiagnosticsManager]  [classpath + loader.0] file:/home/edwin/MEGA/Thesis_Projects/thesis_neo4j_api/db/neo4j/development/lib/netty-all-4.0.28.Final.jar
2016-10-19 04:28:31.360+0000 INFO  [o.n.k.i.DiagnosticsManager]  [classpath + loader.0] file:/home/edwin/MEGA/Thesis_Projects/thesis_neo4j_api/db/neo4j/development/lib/asm-5.0.2.jar
2016-10-19 04:28:31.360+0000 INFO  [o.n.k.i.DiagnosticsManager]  [classpath + loader.0] file:/home/edwin/MEGA/Thesis_Projects/thesis_neo4j_api/db/neo4j/development/lib/opencsv-2.3.jar
2016-10-19 04:28:31.360+0000 INFO  [o.n.k.i.DiagnosticsManager]  [classpath + loader.0] file:/home/edwin/MEGA/Thesis_Projects/thesis_neo4j_api/db/neo4j/development/lib/neo4j-udc-3.0.6.jar
2016-10-19 04:28:31.360+0000 INFO  [o.n.k.i.DiagnosticsManager]  [classpath + loader.0] file:/home/edwin/MEGA/Thesis_Projects/thesis_neo4j_api/db/neo4j/development/lib/neo4j-graph-matching-3.0.6.jar
2016-10-19 04:28:31.360+0000 INFO  [o.n.k.i.DiagnosticsManager]  [classpath + loader.0] file:/home/edwin/MEGA/Thesis_Projects/thesis_neo4j_api/db/neo4j/development/lib/jsr311-api-1.1.2.r612.jar
2016-10-19 04:28:31.360+0000 INFO  [o.n.k.i.DiagnosticsManager]  [classpath + loader.0] file:/home/edwin/MEGA/Thesis_Projects/thesis_neo4j_api/db/neo4j/development/lib/jetty-io-9.2.9.v20150224.jar
2016-10-19 04:28:31.360+0000 INFO  [o.n.k.i.DiagnosticsManager]  [classpath + loader.0] file:/home/edwin/MEGA/Thesis_Projects/thesis_neo4j_api/db/neo4j/development/lib/neo4j-import-tool-3.0.6.jar
2016-10-19 04:28:31.360+0000 INFO  [o.n.k.i.DiagnosticsManager]  [classpath + loader.0] file:/home/edwin/MEGA/Thesis_Projects/thesis_neo4j_api/db/neo4j/development/lib/neo4j-jmx-3.0.6.jar
2016-10-19 04:28:31.360+0000 INFO  [o.n.k.i.DiagnosticsManager] Library path:
2016-10-19 04:28:31.360+0000 INFO  [o.n.k.i.DiagnosticsManager] /usr/java/packages/lib/amd64
2016-10-19 04:28:31.360+0000 INFO  [o.n.k.i.DiagnosticsManager] /usr/lib64
2016-10-19 04:28:31.360+0000 INFO  [o.n.k.i.DiagnosticsManager] /lib64
2016-10-19 04:28:31.360+0000 INFO  [o.n.k.i.DiagnosticsManager] /lib
2016-10-19 04:28:31.360+0000 INFO  [o.n.k.i.DiagnosticsManager] /usr/lib
2016-10-19 04:28:31.360+0000 INFO  [o.n.k.i.DiagnosticsManager] System.properties:
2016-10-19 04:28:31.360+0000 INFO  [o.n.k.i.DiagnosticsManager] sun.boot.library.path = /usr/lib/jvm/java-8-oracle/jre/lib/amd64
2016-10-19 04:28:31.360+0000 INFO  [o.n.k.i.DiagnosticsManager] path.separator = :
2016-10-19 04:28:31.360+0000 INFO  [o.n.k.i.DiagnosticsManager] file.encoding.pkg = sun.io
2016-10-19 04:28:31.360+0000 INFO  [o.n.k.i.DiagnosticsManager] user.country = US
2016-10-19 04:28:31.360+0000 INFO  [o.n.k.i.DiagnosticsManager] sun.java.launcher = SUN_STANDARD
2016-10-19 04:28:31.360+0000 INFO  [o.n.k.i.DiagnosticsManager] sun.os.patch.level = unknown
2016-10-19 04:28:31.360+0000 INFO  [o.n.k.i.DiagnosticsManager] user.dir = /home/edwin/MEGA/Thesis_Projects/thesis_neo4j_api
2016-10-19 04:28:31.360+0000 INFO  [o.n.k.i.DiagnosticsManager] sun.jnu.encoding = UTF-8
2016-10-19 04:28:31.361+0000 INFO  [o.n.k.i.DiagnosticsManager] unsupported.dbms.udc.source = tarball
2016-10-19 04:28:31.361+0000 INFO  [o.n.k.i.DiagnosticsManager] sun.management.compiler = HotSpot 64-Bit Tiered Compilers
2016-10-19 04:28:31.361+0000 INFO  [o.n.k.i.DiagnosticsManager] user.home = /home/edwin
2016-10-19 04:28:31.361+0000 INFO  [o.n.k.i.DiagnosticsManager] user.timezone = America/Denver
2016-10-19 04:28:31.361+0000 INFO  [o.n.k.i.DiagnosticsManager] file.encoding = UTF-8
2016-10-19 04:28:31.361+0000 INFO  [o.n.k.i.DiagnosticsManager] user.name = edwin
2016-10-19 04:28:31.361+0000 INFO  [o.n.k.i.DiagnosticsManager] sun.java.command = org.neo4j.server.CommunityEntryPoint --home-dir=/home/edwin/MEGA/Thesis_Projects/thesis_neo4j_api/db/neo4j/development --config-dir=/home/edwin/MEGA/Thesis_Projects/thesis_neo4j_api/db/neo4j/development/conf
2016-10-19 04:28:31.361+0000 INFO  [o.n.k.i.DiagnosticsManager] sun.arch.data.model = 64
2016-10-19 04:28:31.361+0000 INFO  [o.n.k.i.DiagnosticsManager] user.language = en
2016-10-19 04:28:31.361+0000 INFO  [o.n.k.i.DiagnosticsManager] awt.toolkit = sun.awt.X11.XToolkit
2016-10-19 04:28:31.361+0000 INFO  [o.n.k.i.DiagnosticsManager] jdk.tls.ephemeralDHKeySize = 2048
2016-10-19 04:28:31.361+0000 INFO  [o.n.k.i.DiagnosticsManager] file.separator = /
2016-10-19 04:28:31.361+0000 INFO  [o.n.k.i.DiagnosticsManager] sun.io.unicode.encoding = UnicodeLittle
2016-10-19 04:28:31.361+0000 INFO  [o.n.k.i.DiagnosticsManager] sun.cpu.endian = little
2016-10-19 04:28:31.361+0000 INFO  [o.n.k.i.DiagnosticsManager] sun.desktop = gnome
2016-10-19 04:28:31.361+0000 INFO  [o.n.k.i.DiagnosticsManager] sun.cpu.isalist = 
2016-10-19 04:28:31.361+0000 INFO  [o.n.k.i.DiagnosticsManager] Linux scheduler information:
2016-10-19 04:28:31.368+0000 INFO  [o.n.k.i.DiagnosticsManager] noop [deadline] cfq 
2016-10-19 04:28:31.368+0000 INFO  [o.n.k.i.DiagnosticsManager] none
2016-10-19 04:28:31.368+0000 INFO  [o.n.k.i.DiagnosticsManager] none
2016-10-19 04:28:31.368+0000 INFO  [o.n.k.i.DiagnosticsManager] none
2016-10-19 04:28:31.368+0000 INFO  [o.n.k.i.DiagnosticsManager] none
2016-10-19 04:28:31.368+0000 INFO  [o.n.k.i.DiagnosticsManager] none
2016-10-19 04:28:31.368+0000 INFO  [o.n.k.i.DiagnosticsManager] none
2016-10-19 04:28:31.369+0000 INFO  [o.n.k.i.DiagnosticsManager] none
2016-10-19 04:28:31.369+0000 INFO  [o.n.k.i.DiagnosticsManager] none
2016-10-19 04:28:31.369+0000 INFO  [o.n.k.i.DiagnosticsManager] none
2016-10-19 04:28:31.369+0000 INFO  [o.n.k.i.DiagnosticsManager] none
2016-10-19 04:28:31.369+0000 INFO  [o.n.k.i.DiagnosticsManager] none
2016-10-19 04:28:31.369+0000 INFO  [o.n.k.i.DiagnosticsManager] none
2016-10-19 04:28:31.369+0000 INFO  [o.n.k.i.DiagnosticsManager] none
2016-10-19 04:28:31.370+0000 INFO  [o.n.k.i.DiagnosticsManager] none
2016-10-19 04:28:31.370+0000 INFO  [o.n.k.i.DiagnosticsManager] none
2016-10-19 04:28:31.370+0000 INFO  [o.n.k.i.DiagnosticsManager] none
2016-10-19 04:28:31.370+0000 INFO  [o.n.k.i.DiagnosticsManager] none
2016-10-19 04:28:31.370+0000 INFO  [o.n.k.i.DiagnosticsManager] none
2016-10-19 04:28:31.370+0000 INFO  [o.n.k.i.DiagnosticsManager] none
2016-10-19 04:28:31.370+0000 INFO  [o.n.k.i.DiagnosticsManager] none
2016-10-19 04:28:31.370+0000 INFO  [o.n.k.i.DiagnosticsManager] none
2016-10-19 04:28:31.371+0000 INFO  [o.n.k.i.DiagnosticsManager] none
2016-10-19 04:28:31.371+0000 INFO  [o.n.k.i.DiagnosticsManager] none
2016-10-19 04:28:31.371+0000 INFO  [o.n.k.i.DiagnosticsManager] none
2016-10-19 04:28:31.371+0000 INFO  [o.n.k.i.DiagnosticsManager] Network information:
2016-10-19 04:28:31.371+0000 INFO  [o.n.k.i.DiagnosticsManager] Interface docker0:
2016-10-19 04:28:31.372+0000 INFO  [o.n.k.i.DiagnosticsManager]     address: 172.17.0.1
2016-10-19 04:28:31.372+0000 INFO  [o.n.k.i.DiagnosticsManager] Interface wlp8s0:
2016-10-19 04:28:31.372+0000 INFO  [o.n.k.i.DiagnosticsManager]     address: fe80:0:0:0:b856:8f23:1f86:43c8%wlp8s0
2016-10-19 04:28:31.372+0000 INFO  [o.n.k.i.DiagnosticsManager]     address: 10.80.30.141
2016-10-19 04:28:31.372+0000 INFO  [o.n.k.i.DiagnosticsManager] Interface lo:
2016-10-19 04:28:31.372+0000 INFO  [o.n.k.i.DiagnosticsManager]     address: 0:0:0:0:0:0:0:1%lo
2016-10-19 04:28:31.372+0000 INFO  [o.n.k.i.DiagnosticsManager]     address: 127.0.0.1
2016-10-19 04:28:31.372+0000 INFO  [o.n.k.i.DiagnosticsManager] --- INITIALIZED diagnostics END ---
2016-10-19 04:28:31.402+0000 INFO  [o.n.b.v.r.Sessions] No SSL certificate found, generating a self-signed certificate..
2016-10-19 04:28:32.208+0000 INFO  [o.n.b.v.r.Sessions] Bolt Server extension loaded.
2016-10-19 04:28:32.209+0000 INFO  [o.n.b.v.r.Sessions] Bolt enabled on localhost:7472.
2016-10-19 04:28:32.297+0000 INFO  [o.n.k.i.s.f.RecordFormatSelector] Selected format 'RecordFormat:StandardV3_0[v0.A.7]' for the new store
2016-10-19 04:28:32.531+0000 INFO  [o.n.k.a.i.l.LuceneLabelScanStore] No lucene scan store index found, this might just be first use. Preparing to rebuild.
2016-10-19 04:28:32.619+0000 INFO  [o.n.k.NeoStoreDataSource] Opened logical log [/home/edwin/MEGA/Thesis_Projects/thesis_neo4j_api/db/neo4j/development/data/databases/graph.db/neostore.transaction.db.0] version=0, lastTxId=1 (clean)
2016-10-19 04:28:32.626+0000 WARN  [o.n.k.i.s.MetaDataStore] Missing counts store, rebuilding it.
2016-10-19 04:28:32.702+0000 INFO  [o.n.k.a.i.l.LuceneLabelScanStore] Rebuilding lucene scan store, this may take a while
2016-10-19 04:28:32.707+0000 INFO  [o.n.k.a.i.l.LuceneLabelScanStore] Lucene scan store rebuilt (roughly 0 nodes)
2016-10-19 04:28:32.709+0000 INFO  [o.n.k.i.DatabaseHealth] Database health set to OK
2016-10-19 04:28:32.974+0000 INFO  [o.n.k.AvailabilityGuard] Fulfilling of requirement makes database available: Database available
2016-10-19 04:28:32.974+0000 INFO  [o.n.k.i.f.CommunityFacadeFactory] Database is now ready
2016-10-19 04:28:32.975+0000 INFO  [o.n.k.i.DiagnosticsManager] --- STARTED diagnostics for KernelDiagnostics:Versions START ---
2016-10-19 04:28:32.975+0000 INFO  [o.n.k.i.DiagnosticsManager] Graph Database: community single StoreId{creationTime=1476851312445, randomId=-121866927232307326, storeVersion=15531981201765894, upgradeTime=1476851312445, upgradeId=1}
2016-10-19 04:28:32.975+0000 INFO  [o.n.k.i.DiagnosticsManager] Kernel version: 3.0.6,66df41d1018f54ccd67d7d384e87abae0468bcdb
2016-10-19 04:28:32.975+0000 INFO  [o.n.k.i.DiagnosticsManager] --- STARTED diagnostics for KernelDiagnostics:Versions END ---
2016-10-19 04:28:32.976+0000 INFO  [o.n.k.i.DiagnosticsManager] --- STARTED diagnostics for NEO_STORE_VERSIONS START ---
2016-10-19 04:28:32.976+0000 INFO  [o.n.k.i.DiagnosticsManager] Store versions:
2016-10-19 04:28:32.976+0000 INFO  [o.n.k.i.DiagnosticsManager] Store versions:
2016-10-19 04:28:32.976+0000 INFO  [o.n.k.i.DiagnosticsManager]   ArrayPropertyStore v0.A.7
2016-10-19 04:28:32.976+0000 INFO  [o.n.k.i.DiagnosticsManager]   NodeStore v0.A.7
2016-10-19 04:28:32.976+0000 INFO  [o.n.k.i.DiagnosticsManager]   StringPropertyStore v0.A.7
2016-10-19 04:28:32.976+0000 INFO  [o.n.k.i.DiagnosticsManager]   PropertyIndexStore v0.A.7
2016-10-19 04:28:32.976+0000 INFO  [o.n.k.i.DiagnosticsManager]   StringPropertyStore v0.A.7
2016-10-19 04:28:32.976+0000 INFO  [o.n.k.i.DiagnosticsManager]   ArrayPropertyStore v0.A.7
2016-10-19 04:28:32.976+0000 INFO  [o.n.k.i.DiagnosticsManager]   PropertyStore v0.A.7
2016-10-19 04:28:32.976+0000 INFO  [o.n.k.i.DiagnosticsManager]   RelationshipStore v0.A.7
2016-10-19 04:28:32.976+0000 INFO  [o.n.k.i.DiagnosticsManager]   StringPropertyStore v0.A.7
2016-10-19 04:28:32.977+0000 INFO  [o.n.k.i.DiagnosticsManager]   RelationshipTypeStore v0.A.7
2016-10-19 04:28:32.977+0000 INFO  [o.n.k.i.DiagnosticsManager]   StringPropertyStore v0.A.7
2016-10-19 04:28:32.977+0000 INFO  [o.n.k.i.DiagnosticsManager]   LabelTokenStore v0.A.7
2016-10-19 04:28:32.977+0000 INFO  [o.n.k.i.DiagnosticsManager]   SchemaStore v0.A.7
2016-10-19 04:28:32.977+0000 INFO  [o.n.k.i.DiagnosticsManager]   RelationshipGroupStore v0.A.7
2016-10-19 04:28:32.977+0000 INFO  [o.n.k.i.DiagnosticsManager]   NeoStore v0.A.7
2016-10-19 04:28:32.977+0000 INFO  [o.n.k.i.DiagnosticsManager] --- STARTED diagnostics for NEO_STORE_VERSIONS END ---
2016-10-19 04:28:32.977+0000 INFO  [o.n.k.i.DiagnosticsManager] --- STARTED diagnostics for NEO_STORE_ID_USAGE START ---
2016-10-19 04:28:32.977+0000 INFO  [o.n.k.i.DiagnosticsManager] Id usage:
2016-10-19 04:28:32.977+0000 INFO  [o.n.k.i.DiagnosticsManager] Id usage:
2016-10-19 04:28:32.977+0000 INFO  [o.n.k.i.DiagnosticsManager]   ArrayPropertyStore: used=1 high=0
2016-10-19 04:28:32.977+0000 INFO  [o.n.k.i.DiagnosticsManager]   NodeStore: used=0 high=-1
2016-10-19 04:28:32.977+0000 INFO  [o.n.k.i.DiagnosticsManager]   StringPropertyStore: used=1 high=0
2016-10-19 04:28:32.977+0000 INFO  [o.n.k.i.DiagnosticsManager]   PropertyIndexStore: used=0 high=-1
2016-10-19 04:28:32.977+0000 INFO  [o.n.k.i.DiagnosticsManager]   StringPropertyStore: used=1 high=0
2016-10-19 04:28:32.978+0000 INFO  [o.n.k.i.DiagnosticsManager]   ArrayPropertyStore: used=1 high=0
2016-10-19 04:28:32.978+0000 INFO  [o.n.k.i.DiagnosticsManager]   PropertyStore: used=0 high=-1
2016-10-19 04:28:32.978+0000 INFO  [o.n.k.i.DiagnosticsManager]   RelationshipStore: used=0 high=-1
2016-10-19 04:28:32.978+0000 INFO  [o.n.k.i.DiagnosticsManager]   StringPropertyStore: used=1 high=0
2016-10-19 04:28:32.978+0000 INFO  [o.n.k.i.DiagnosticsManager]   RelationshipTypeStore: used=0 high=-1
2016-10-19 04:28:32.978+0000 INFO  [o.n.k.i.DiagnosticsManager]   StringPropertyStore: used=1 high=0
2016-10-19 04:28:32.978+0000 INFO  [o.n.k.i.DiagnosticsManager]   LabelTokenStore: used=0 high=-1
2016-10-19 04:28:32.978+0000 INFO  [o.n.k.i.DiagnosticsManager]   SchemaStore: used=1 high=0
2016-10-19 04:28:32.978+0000 INFO  [o.n.k.i.DiagnosticsManager]   RelationshipGroupStore: used=1 high=0
2016-10-19 04:28:32.978+0000 INFO  [o.n.k.i.DiagnosticsManager]   NeoStore: used=15 high=14
2016-10-19 04:28:32.978+0000 INFO  [o.n.k.i.DiagnosticsManager] --- STARTED diagnostics for NEO_STORE_ID_USAGE END ---
2016-10-19 04:28:32.978+0000 INFO  [o.n.k.i.DiagnosticsManager] --- STARTED diagnostics for NEO_STORE_RECORDS START ---
2016-10-19 04:28:32.978+0000 INFO  [o.n.k.i.DiagnosticsManager] Neostore records:
2016-10-19 04:28:32.979+0000 INFO  [o.n.k.i.DiagnosticsManager] TIME (Creation time): 1476851312445
2016-10-19 04:28:32.979+0000 INFO  [o.n.k.i.DiagnosticsManager] RANDOM_NUMBER (Random number for store id): -121866927232307326
2016-10-19 04:28:32.979+0000 INFO  [o.n.k.i.DiagnosticsManager] LOG_VERSION (Current log version): 0
2016-10-19 04:28:32.980+0000 INFO  [o.n.k.i.DiagnosticsManager] LAST_TRANSACTION_ID (Last committed transaction): 1
2016-10-19 04:28:32.980+0000 INFO  [o.n.k.i.DiagnosticsManager] STORE_VERSION (Store format version): 15531981201765894
2016-10-19 04:28:32.980+0000 INFO  [o.n.k.i.DiagnosticsManager] FIRST_GRAPH_PROPERTY (First property record containing graph properties): -1
2016-10-19 04:28:32.980+0000 INFO  [o.n.k.i.DiagnosticsManager] LAST_CONSTRAINT_TRANSACTION (Last committed transaction containing constraint changes): 0
2016-10-19 04:28:32.980+0000 INFO  [o.n.k.i.DiagnosticsManager] UPGRADE_TRANSACTION_ID (Transaction id most recent upgrade was performed at): 1
2016-10-19 04:28:32.980+0000 INFO  [o.n.k.i.DiagnosticsManager] UPGRADE_TIME (Time of last upgrade): 1476851312445
2016-10-19 04:28:32.980+0000 INFO  [o.n.k.i.DiagnosticsManager] LAST_TRANSACTION_CHECKSUM (Checksum of last committed transaction): 0
2016-10-19 04:28:32.980+0000 INFO  [o.n.k.i.DiagnosticsManager] UPGRADE_TRANSACTION_CHECKSUM (Checksum of transaction id the most recent upgrade was performed at): 0
2016-10-19 04:28:32.980+0000 INFO  [o.n.k.i.DiagnosticsManager] LAST_CLOSED_TRANSACTION_LOG_VERSION (Log version where the last transaction commit entry has been written into): 0
2016-10-19 04:28:32.980+0000 INFO  [o.n.k.i.DiagnosticsManager] LAST_CLOSED_TRANSACTION_LOG_BYTE_OFFSET (Byte offset in the log file where the last transaction commit entry has been written into): 16
2016-10-19 04:28:32.980+0000 INFO  [o.n.k.i.DiagnosticsManager] LAST_TRANSACTION_COMMIT_TIMESTAMP (Commit time timestamp for last committed transaction): 0
2016-10-19 04:28:32.980+0000 INFO  [o.n.k.i.DiagnosticsManager] UPGRADE_TRANSACTION_COMMIT_TIMESTAMP (Commit timestamp of transaction the most recent upgrade was performed at): 0
2016-10-19 04:28:32.980+0000 INFO  [o.n.k.i.DiagnosticsManager] --- STARTED diagnostics for NEO_STORE_RECORDS END ---
2016-10-19 04:28:32.981+0000 INFO  [o.n.k.i.DiagnosticsManager] --- STARTED diagnostics for TRANSACTION_RANGE START ---
2016-10-19 04:28:32.981+0000 INFO  [o.n.k.i.DiagnosticsManager] Transaction log:
2016-10-19 04:28:32.981+0000 INFO  [o.n.k.i.DiagnosticsManager] No transactions found in any log
2016-10-19 04:28:32.981+0000 INFO  [o.n.k.i.DiagnosticsManager] --- STARTED diagnostics for TRANSACTION_RANGE END ---
2016-10-19 04:28:32.982+0000 INFO  [o.n.k.i.DiagnosticsManager] --- STARTED diagnostics for KernelDiagnostics:StoreFiles START ---
2016-10-19 04:28:32.982+0000 INFO  [o.n.k.i.DiagnosticsManager] Disk space on partition (Total / Free / Free %): 285170130944 / 202207186944 / 70
Storage files: (filename : modification date - size)
2016-10-19 04:28:32.982+0000 INFO  [o.n.k.i.DiagnosticsManager]   index:
2016-10-19 04:28:32.983+0000 INFO  [o.n.k.i.DiagnosticsManager]   - Total: 2016-10-18T22:28:32-0600 - 0.00 B
2016-10-19 04:28:32.983+0000 INFO  [o.n.k.i.DiagnosticsManager]   neostore: 2016-10-18T22:28:32-0600 - 8.00 kB
2016-10-19 04:28:32.983+0000 INFO  [o.n.k.i.DiagnosticsManager]   neostore.counts.db.a: 2016-10-18T22:28:32-0600 - 96.00 B
2016-10-19 04:28:32.983+0000 INFO  [o.n.k.i.DiagnosticsManager]   neostore.id: 2016-10-18T22:28:32-0600 - 9.00 B
2016-10-19 04:28:32.983+0000 INFO  [o.n.k.i.DiagnosticsManager]   neostore.labeltokenstore.db: 2016-10-18T22:28:32-0600 - 0.00 B
2016-10-19 04:28:32.983+0000 INFO  [o.n.k.i.DiagnosticsManager]   neostore.labeltokenstore.db.id: 2016-10-18T22:28:32-0600 - 9.00 B
2016-10-19 04:28:32.983+0000 INFO  [o.n.k.i.DiagnosticsManager]   neostore.labeltokenstore.db.names: 2016-10-18T22:28:32-0600 - 8.00 kB
2016-10-19 04:28:32.983+0000 INFO  [o.n.k.i.DiagnosticsManager]   neostore.labeltokenstore.db.names.id: 2016-10-18T22:28:32-0600 - 9.00 B
2016-10-19 04:28:32.984+0000 INFO  [o.n.k.i.DiagnosticsManager]   neostore.nodestore.db: 2016-10-18T22:28:32-0600 - 0.00 B
2016-10-19 04:28:32.984+0000 INFO  [o.n.k.i.DiagnosticsManager]   neostore.nodestore.db.id: 2016-10-18T22:28:32-0600 - 9.00 B
2016-10-19 04:28:32.984+0000 INFO  [o.n.k.i.DiagnosticsManager]   neostore.nodestore.db.labels: 2016-10-18T22:28:32-0600 - 8.00 kB
2016-10-19 04:28:32.984+0000 INFO  [o.n.k.i.DiagnosticsManager]   neostore.nodestore.db.labels.id: 2016-10-18T22:28:32-0600 - 9.00 B
2016-10-19 04:28:32.984+0000 INFO  [o.n.k.i.DiagnosticsManager]   neostore.propertystore.db: 2016-10-18T22:28:32-0600 - 0.00 B
2016-10-19 04:28:32.984+0000 INFO  [o.n.k.i.DiagnosticsManager]   neostore.propertystore.db.arrays: 2016-10-18T22:28:32-0600 - 8.00 kB
2016-10-19 04:28:32.984+0000 INFO  [o.n.k.i.DiagnosticsManager]   neostore.propertystore.db.arrays.id: 2016-10-18T22:28:32-0600 - 9.00 B
2016-10-19 04:28:32.985+0000 INFO  [o.n.k.i.DiagnosticsManager]   neostore.propertystore.db.id: 2016-10-18T22:28:32-0600 - 9.00 B
2016-10-19 04:28:32.985+0000 INFO  [o.n.k.i.DiagnosticsManager]   neostore.propertystore.db.index: 2016-10-18T22:28:32-0600 - 0.00 B
2016-10-19 04:28:32.985+0000 INFO  [o.n.k.i.DiagnosticsManager]   neostore.propertystore.db.index.id: 2016-10-18T22:28:32-0600 - 9.00 B
2016-10-19 04:28:32.985+0000 INFO  [o.n.k.i.DiagnosticsManager]   neostore.propertystore.db.index.keys: 2016-10-18T22:28:32-0600 - 8.00 kB
2016-10-19 04:28:32.985+0000 INFO  [o.n.k.i.DiagnosticsManager]   neostore.propertystore.db.index.keys.id: 2016-10-18T22:28:32-0600 - 9.00 B
2016-10-19 04:28:32.985+0000 INFO  [o.n.k.i.DiagnosticsManager]   neostore.propertystore.db.strings: 2016-10-18T22:28:32-0600 - 8.00 kB
2016-10-19 04:28:32.985+0000 INFO  [o.n.k.i.DiagnosticsManager]   neostore.propertystore.db.strings.id: 2016-10-18T22:28:32-0600 - 9.00 B
2016-10-19 04:28:32.986+0000 INFO  [o.n.k.i.DiagnosticsManager]   neostore.relationshipgroupstore.db: 2016-10-18T22:28:32-0600 - 8.00 kB
2016-10-19 04:28:32.986+0000 INFO  [o.n.k.i.DiagnosticsManager]   neostore.relationshipgroupstore.db.id: 2016-10-18T22:28:32-0600 - 9.00 B
2016-10-19 04:28:32.986+0000 INFO  [o.n.k.i.DiagnosticsManager]   neostore.relationshipstore.db: 2016-10-18T22:28:32-0600 - 0.00 B
2016-10-19 04:28:32.986+0000 INFO  [o.n.k.i.DiagnosticsManager]   neostore.relationshipstore.db.id: 2016-10-18T22:28:32-0600 - 9.00 B
2016-10-19 04:28:32.986+0000 INFO  [o.n.k.i.DiagnosticsManager]   neostore.relationshiptypestore.db: 2016-10-18T22:28:32-0600 - 0.00 B
2016-10-19 04:28:32.986+0000 INFO  [o.n.k.i.DiagnosticsManager]   neostore.relationshiptypestore.db.id: 2016-10-18T22:28:32-0600 - 9.00 B
2016-10-19 04:28:32.986+0000 INFO  [o.n.k.i.DiagnosticsManager]   neostore.relationshiptypestore.db.names: 2016-10-18T22:28:32-0600 - 8.00 kB
2016-10-19 04:28:32.987+0000 INFO  [o.n.k.i.DiagnosticsManager]   neostore.relationshiptypestore.db.names.id: 2016-10-18T22:28:32-0600 - 9.00 B
2016-10-19 04:28:32.987+0000 INFO  [o.n.k.i.DiagnosticsManager]   neostore.schemastore.db: 2016-10-18T22:28:32-0600 - 8.00 kB
2016-10-19 04:28:32.987+0000 INFO  [o.n.k.i.DiagnosticsManager]   neostore.schemastore.db.id: 2016-10-18T22:28:32-0600 - 9.00 B
2016-10-19 04:28:32.987+0000 INFO  [o.n.k.i.DiagnosticsManager]   neostore.transaction.db.0: 2016-10-18T22:28:32-0600 - 16.00 B
2016-10-19 04:28:32.987+0000 INFO  [o.n.k.i.DiagnosticsManager]   schema:
2016-10-19 04:28:32.987+0000 INFO  [o.n.k.i.DiagnosticsManager]     label:
2016-10-19 04:28:32.987+0000 INFO  [o.n.k.i.DiagnosticsManager]       lucene:
2016-10-19 04:28:32.987+0000 INFO  [o.n.k.i.DiagnosticsManager]         labelStore:
2016-10-19 04:28:32.987+0000 INFO  [o.n.k.i.DiagnosticsManager]           1:
2016-10-19 04:28:32.987+0000 INFO  [o.n.k.i.DiagnosticsManager]             write.lock: 2016-10-18T22:28:32-0600 - 0.00 B
2016-10-19 04:28:32.988+0000 INFO  [o.n.k.i.DiagnosticsManager]           - Total: 2016-10-18T22:28:32-0600 - 0.00 B
2016-10-19 04:28:32.988+0000 INFO  [o.n.k.i.DiagnosticsManager]           failure-message: 2016-10-18T22:28:32-0600 - 16.00 kB
2016-10-19 04:28:32.988+0000 INFO  [o.n.k.i.DiagnosticsManager]         - Total: 2016-10-18T22:28:32-0600 - 16.00 kB
2016-10-19 04:28:32.988+0000 INFO  [o.n.k.i.DiagnosticsManager]       - Total: 2016-10-18T22:28:32-0600 - 16.00 kB
2016-10-19 04:28:32.988+0000 INFO  [o.n.k.i.DiagnosticsManager]     - Total: 2016-10-18T22:28:32-0600 - 16.00 kB
2016-10-19 04:28:32.988+0000 INFO  [o.n.k.i.DiagnosticsManager]   - Total: 2016-10-18T22:28:32-0600 - 16.00 kB
2016-10-19 04:28:32.989+0000 INFO  [o.n.k.i.DiagnosticsManager]   store_lock: 2016-10-18T22:28:32-0600 - 0.00 B
2016-10-19 04:28:32.989+0000 INFO  [o.n.k.i.DiagnosticsManager] --- STARTED diagnostics for KernelDiagnostics:StoreFiles END ---
2016-10-19 04:28:34.119+0000 INFO  [o.n.k.i.DiagnosticsManager] --- SERVER STARTED START ---
2016-10-19 04:28:35.022+0000 INFO  [o.n.k.i.DiagnosticsManager] --- SERVER STARTED END ---
